---- light / ericw-tools v0.18.1 ----
Raytracing backend: Embree
running with 8 threads
LoadBSPFile: 'devilsrun.bsp'
BSP is version 29
--- LoadEntities ---
WARNING: brush entity with mins (3353.00 -2119.00 -2) maxs (3731.00 -1241.00 -2) (trigger_once) has targetname "waterenemiesdoortrigger" which is not targetted by anything.
WARNING: brush entity with mins (2041.00 -2879.00 -2) maxs (2047.00 -2385.00 -1) (trigger_once) has empty key/value "message" ""
WARNING: brush entity with mins (513.00 -1775.00 161) maxs (695.00 -1585.00 175) (trigger_once) has targetname "waterdog1trigger" which is not targetted by anything.
WARNING: brush entity with mins (2713.00 -1695.00 -2) maxs (2719.00 -1665.00 -2) (func_button) has targetname "waterexitbutton" which is not targetted by anything.
WARNING: entity at (1452 -2620 -196) (item_key2) has targetname "lavaroomkey1" which is not targetted by anything.
WARNING: brush entity with mins (2275.00 -3057.00 -2) maxs (2305.00 -3051.00 -1) (func_button) has targetname "lavarexitbutton" which is not targetted by anything.
WARNING: brush entity with mins (-719.00 -1279.00 49) maxs (-689.00 -1273.00 79) (func_button) has targetname "exitbutton" which is not targetted by anything.
WARNING: couldn't parse 'a' as number for key 'delay'
WARNING: couldn't parse 'a' as number for key 'delay'
WARNING: couldn't parse 'a' as number for key 'delay'
WARNING: couldn't parse 'a' as number for key 'delay'
WARNING: couldn't parse 'a' as number for key 'delay'
WARNING: couldn't parse 'a' as number for key 'delay'
WARNING: couldn't parse 'a' as number for key 'delay'
WARNING: couldn't parse 'a' as number for key 'delay'
WARNING: couldn't parse 'a' as number for key 'delay'
WARNING: couldn't parse 'a' as number for key 'delay'
WARNING: couldn't parse 'a' as number for key 'delay'
WARNING: couldn't parse 'a' as number for key 'delay'
WARNING: couldn't parse 'a' as number for key 'delay'
WARNING: couldn't parse 'a' as number for key 'delay'
WARNING: couldn't parse 'a' as number for key 'delay'
WARNING: couldn't parse 'a' as number for key 'delay'
WARNING: couldn't parse 'a' as number for key 'delay'
WARNING: couldn't parse 'a' as number for key 'delay'
WARNING: couldn't parse 'a' as number for key 'delay'
WARNING: couldn't parse 'a' as number for key 'delay'
WARNING: couldn't parse 'a' as number for key 'delay'
WARNING: couldn't parse 'a' as number for key 'delay'
WARNING: couldn't parse 'a' as number for key 'delay'
WARNING: couldn't parse 'a' as number for key 'delay'
WARNING: couldn't parse 'a' as number for key 'delay'
WARNING: couldn't parse 'a' as number for key 'delay'
369 entities read, 261 are lights.
--- OptionsSummary ---
Embree_TraceInit: Embree version: 2.15.0
Embree_TraceInit:
	0 sky faces
	10701 solid faces
	0 filtered faces
	0 shadow-casting skip faces
SetupLights: 261 initial lights
SetupLights: 261 after surface lights
SetupLights: 261 after jittering
--- EstimateLightVisibility ---
0....1....2....3....4....5....6....7....8....9....
Final count: 261 lights 0 suns in use.
--- LightWorld ---
0....1....2....3....4....5....6....7....8....9....
Lighting Completed.

lightdatasize: 264862
0 switchable light styles (32 max)
Writing devilsrun.bsp as BSP version 29
1.626 seconds elapsed

stats:
16.514734 lights tested, 6.316396 hits per sample point
0.000000 bounce lights tested, 0.000000 hits per sample point
0 empty lightmaps
